2021-09-16 20:20:13,638 - instabot version: 0.117.0 (bot) - INFO - Instabot version: 0.117.0 Started
2021-09-16 20:20:13,638 - instabot version: 0.117.0 (bot) - DEBUG - Bot imported from C:\Users\Meandusa\AppData\Local\Programs\Python\Python39\lib\site-packages\instabot\bot\bot.py
2021-09-16 20:20:13,639 - instabot version: 0.117.0 (api_login) - INFO - Not yet logged in starting: PRE-LOGIN FLOW!
2021-09-16 20:20:14,197 - instabot version: 0.117.0 (api) - DEBUG - POST to endpoint: accounts/get_prefill_candidates/ returned response: <Response [200]>
2021-09-16 20:20:14,684 - instabot version: 0.117.0 (api) - DEBUG - POST to endpoint: qe/sync/ returned response: <Response [200]>
2021-09-16 20:20:15,293 - instabot version: 0.117.0 (api) - DEBUG - POST to endpoint: launcher/sync/ returned response: <Response [200]>
2021-09-16 20:20:15,728 - instabot version: 0.117.0 (api) - DEBUG - POST to endpoint: accounts/contact_point_prefill/ returned response: <Response [200]>
2021-09-16 20:20:17,310 - instabot version: 0.117.0 (api) - DEBUG - POST to endpoint: accounts/login/ returned response: <Response [200]>
2021-09-16 20:20:17,310 - instabot version: 0.117.0 (api) - INFO - Logged-in successfully as 'pyton.py'!
2021-09-16 20:20:17,311 - instabot version: 0.117.0 (api_login) - INFO - LOGIN FLOW! Just logged-in: True
2021-09-16 20:20:17,836 - instabot version: 0.117.0 (api) - DEBUG - POST to endpoint: qe/sync/ returned response: <Response [200]>
2021-09-16 20:20:18,382 - instabot version: 0.117.0 (api) - DEBUG - POST to endpoint: launcher/sync/ returned response: <Response [200]>
2021-09-16 20:20:18,900 - instabot version: 0.117.0 (api) - DEBUG - GET to endpoint: zr/token/result/?device_id=android-0cd8e29791eb548b&token_hash=&custom_device_id=android-0cd8e29791eb548b&fetch_reason=token_expired returned response: <Response [200]>
2021-09-16 20:20:19,421 - instabot version: 0.117.0 (api) - DEBUG - GET to endpoint: multiple_accounts/get_account_family/ returned response: <Response [200]>
2021-09-16 20:20:19,942 - instabot version: 0.117.0 (api) - DEBUG - POST to endpoint: qe/sync/ returned response: <Response [200]>
2021-09-16 20:20:20,740 - instabot version: 0.117.0 (api) - DEBUG - GET to endpoint: igtv/browse_feed/?prefetch=1 returned response: <Response [200]>
2021-09-16 20:20:21,750 - instabot version: 0.117.0 (api) - DEBUG - POST to endpoint: creatives/ar_class/ returned response: <Response [200]>
2021-09-16 20:20:22,559 - instabot version: 0.117.0 (api) - DEBUG - POST to endpoint: feed/reels_tray/ returned response: <Response [200]>
2021-09-16 20:20:24,858 - instabot version: 0.117.0 (api) - DEBUG - POST to endpoint: feed/timeline/ returned response: <Response [200]>
2021-09-16 20:20:25,448 - instabot version: 0.117.0 (api) - DEBUG - GET to endpoint: media/blocked/ returned response: <Response [200]>
2021-09-16 20:20:26,529 - instabot version: 0.117.0 (api) - DEBUG - GET to endpoint: news/inbox/ returned response: <Response [200]>
2021-09-16 20:20:27,045 - instabot version: 0.117.0 (api) - DEBUG - GET to endpoint: loom/fetch_config/ returned response: <Response [200]>
2021-09-16 20:20:27,702 - instabot version: 0.117.0 (api) - DEBUG - GET to endpoint: scores/bootstrap/users/?surfaces=["autocomplete_user_list","coefficient_besties_list_ranking","coefficient_rank_recipient_user_suggestion","coefficient_ios_section_test_bootstrap_ranking","coefficient_direct_recipients_ranking_variant_2"] returned response: <Response [200]>
2021-09-16 20:20:28,268 - instabot version: 0.117.0 (api) - DEBUG - GET to endpoint: business/eligibility/get_monetization_products_eligibility_data/?product_types=branded_content returned response: <Response [200]>
2021-09-16 20:20:28,787 - instabot version: 0.117.0 (api) - DEBUG - GET to endpoint: business/branded_content/should_require_professional_account/ returned response: <Response [200]>
2021-09-16 20:20:29,442 - instabot version: 0.117.0 (api) - DEBUG - GET to endpoint: linked_accounts/get_linkage_status/ returned response: <Response [200]>
2021-09-16 20:20:29,942 - instabot version: 0.117.0 (api) - DEBUG - GET to endpoint: locations/request_country/ returned response: <Response [200]>
2021-09-16 20:20:30,490 - instabot version: 0.117.0 (api) - DEBUG - GET to endpoint: qp/get_cooldowns/?signed_body=signed_body=4b9c516a5410a3bc128e09c6104a7f042146b9c2023870560c63a43a7f66781c.4&ig_sig_key_version=4&ig_sig_key_version=4 returned response: <Response [200]>
2021-09-16 20:20:31,262 - instabot version: 0.117.0 (api) - DEBUG - GET to endpoint: users/arlink_download_info/?version_override=2.2.1 returned response: <Response [200]>
2021-09-16 20:20:31,897 - instabot version: 0.117.0 (api) - DEBUG - GET to endpoint: users/49171022104/info/ returned response: <Response [200]>
2021-09-16 20:20:32,453 - instabot version: 0.117.0 (api) - DEBUG - GET to endpoint: direct_v2/get_presence/ returned response: <Response [200]>
2021-09-16 20:20:33,013 - instabot version: 0.117.0 (api) - DEBUG - GET to endpoint: direct_v2/inbox/?visual_message_return_type=unseen&thread_message_limit=10&persistentBadging=true&limit=20 returned response: <Response [200]>
2021-09-16 20:20:33,545 - instabot version: 0.117.0 (api) - DEBUG - GET to endpoint: direct_v2/inbox/?visual_message_return_type=unseen&persistentBadging=true&limit=0 returned response: <Response [200]>
2021-09-16 20:20:34,142 - instabot version: 0.117.0 (api) - DEBUG - GET to endpoint: discover/topical_explore/?is_prefetch=true&omit_cover_media=true&use_sectional_payload=true&timezone_offset=0&session_id=b550e3c0-136e-4f6e-bedb-66f3cab8b87b&include_fixed_destinations=true returned response: <Response [200]>
2021-09-16 20:20:34,794 - instabot version: 0.117.0 (api) - DEBUG - POST to endpoint: notifications/badge/ returned response: <Response [200]>
2021-09-16 20:20:35,458 - instabot version: 0.117.0 (api) - DEBUG - POST to endpoint: qp/batch_fetch/ returned response: <Response [200]>
2021-09-16 20:20:35,459 - instabot version: 0.117.0 (bot_checkpoint) - DEBUG - Loading Checkpoint file from: C:\Users\Meandusa\Desktop\instagram bot/config/pyton.py.checkpoint
2021-09-16 20:20:59,572 - instabot version: 0.117.0 (api) - DEBUG - POST to endpoint: media/configure/? returned response: <Response [200]>
2021-09-16 20:21:00,026 - instabot version: 0.117.0 (api) - DEBUG - POST to endpoint: qe/expose/ returned response: <Response [200]>
2021-09-16 20:21:00,027 - instabot version: 0.117.0 (bot_photo) - INFO - Photo 'images/image1.jpg' is uploaded.
2021-09-16 20:21:25,190 - instabot version: 0.117.0 (api) - DEBUG - POST to endpoint: media/configure/? returned response: <Response [200]>
2021-09-16 20:21:26,255 - instabot version: 0.117.0 (api) - DEBUG - POST to endpoint: qe/expose/ returned response: <Response [200]>
2021-09-16 20:21:26,256 - instabot version: 0.117.0 (bot_photo) - INFO - Photo 'images/image2.jpg' is uploaded.
2021-09-16 20:21:52,229 - instabot version: 0.117.0 (api) - DEBUG - POST to endpoint: media/configure/? returned response: <Response [200]>
2021-09-16 20:21:52,717 - instabot version: 0.117.0 (api) - DEBUG - POST to endpoint: qe/expose/ returned response: <Response [200]>
2021-09-16 20:21:52,718 - instabot version: 0.117.0 (bot_photo) - INFO - Photo 'images/image10.jpg' is uploaded.
2021-09-16 20:22:16,838 - instabot version: 0.117.0 (api) - DEBUG - POST to endpoint: media/configure/? returned response: <Response [200]>
2021-09-16 20:22:17,327 - instabot version: 0.117.0 (api) - DEBUG - POST to endpoint: qe/expose/ returned response: <Response [200]>
2021-09-16 20:22:17,328 - instabot version: 0.117.0 (bot_photo) - INFO - Photo 'images/image11.jpg' is uploaded.
2021-09-16 20:22:40,669 - instabot version: 0.117.0 (api) - DEBUG - POST to endpoint: media/configure/? returned response: <Response [200]>
2021-09-16 20:22:41,188 - instabot version: 0.117.0 (api) - DEBUG - POST to endpoint: qe/expose/ returned response: <Response [200]>
2021-09-16 20:22:41,188 - instabot version: 0.117.0 (bot_photo) - INFO - Photo 'images/image6.jpg' is uploaded.
2021-09-16 20:23:05,988 - instabot version: 0.117.0 (api) - DEBUG - POST to endpoint: media/configure/? returned response: <Response [200]>
2021-09-16 20:23:06,503 - instabot version: 0.117.0 (api) - DEBUG - POST to endpoint: qe/expose/ returned response: <Response [200]>
2021-09-16 20:23:06,504 - instabot version: 0.117.0 (bot_photo) - INFO - Photo 'images/image7.jpg' is uploaded.
2021-09-16 20:23:28,925 - instabot version: 0.117.0 (api) - DEBUG - POST to endpoint: media/configure/? returned response: <Response [200]>
2021-09-16 20:23:29,423 - instabot version: 0.117.0 (api) - DEBUG - POST to endpoint: qe/expose/ returned response: <Response [200]>
2021-09-16 20:23:29,424 - instabot version: 0.117.0 (bot_photo) - INFO - Photo 'images/image8.jpg' is uploaded.
2021-09-16 20:23:51,765 - instabot version: 0.117.0 (api) - DEBUG - POST to endpoint: media/configure/? returned response: <Response [200]>
2021-09-16 20:23:52,278 - instabot version: 0.117.0 (api) - DEBUG - POST to endpoint: qe/expose/ returned response: <Response [200]>
2021-09-16 20:23:52,279 - instabot version: 0.117.0 (bot_photo) - INFO - Photo 'images/image9.jpg' is uploaded.
2021-09-16 20:25:10,044 - instabot version: 0.117.0 (api) - DEBUG - POST to endpoint: media/configure/? returned response: <Response [200]>
2021-09-16 20:25:10,553 - instabot version: 0.117.0 (api) - DEBUG - POST to endpoint: qe/expose/ returned response: <Response [200]>
2021-09-16 20:25:10,553 - instabot version: 0.117.0 (bot_photo) - INFO - Photo 'images/image11.jpg' is uploaded.
